{"/Users/jonathonherbert/Code/prosemirror-noting/src/js/state.ts": {"path":"/Users/jonathonherbert/Code/prosemirror-noting/src/js/state.ts","statementMap":{"0":{"start":{"line":8,"column":0},"end":{"line":13,"column":22}},"1":{"start":{"line":14,"column":0},"end":{"line":20,"column":27}},"2":{"start":{"line":23,"column":33},"end":{"line":23,"column":59}},"3":{"start":{"line":243,"column":2},"end":{"line":243,"column":26}},"4":{"start":{"line":29,"column":35},"end":{"line":29,"column":63}},"5":{"start":{"line":244,"column":2},"end":{"line":244,"column":28}},"6":{"start":{"line":30,"column":33},"end":{"line":30,"column":59}},"7":{"start":{"line":245,"column":2},"end":{"line":245,"column":26}},"8":{"start":{"line":31,"column":35},"end":{"line":31,"column":63}},"9":{"start":{"line":246,"column":2},"end":{"line":246,"column":28}},"10":{"start":{"line":32,"column":33},"end":{"line":32,"column":59}},"11":{"start":{"line":247,"column":2},"end":{"line":247,"column":26}},"12":{"start":{"line":33,"column":21},"end":{"line":33,"column":35}},"13":{"start":{"line":248,"column":2},"end":{"line":248,"column":14}},"14":{"start":{"line":39,"column":13},"end":{"line":41,"column":3}},"15":{"start":{"line":39,"column":47},"end":{"line":41,"column":1}},"16":{"start":{"line":46,"column":13},"end":{"line":48,"column":3}},"17":{"start":{"line":46,"column":45},"end":{"line":48,"column":1}},"18":{"start":{"line":51,"column":13},"end":{"line":54,"column":3}},"19":{"start":{"line":51,"column":75},"end":{"line":54,"column":1}},"20":{"start":{"line":59,"column":13},"end":{"line":62,"column":3}},"21":{"start":{"line":59,"column":77},"end":{"line":62,"column":1}},"22":{"start":{"line":65,"column":13},"end":{"line":68,"column":3}},"23":{"start":{"line":65,"column":68},"end":{"line":68,"column":1}},"24":{"start":{"line":82,"column":32},"end":{"line":101,"column":1}},"25":{"start":{"line":87,"column":2},"end":{"line":100,"column":3}},"26":{"start":{"line":89,"column":6},"end":{"line":89,"column":49}},"27":{"start":{"line":91,"column":6},"end":{"line":91,"column":63}},"28":{"start":{"line":93,"column":6},"end":{"line":93,"column":61}},"29":{"start":{"line":95,"column":6},"end":{"line":95,"column":63}},"30":{"start":{"line":97,"column":6},"end":{"line":97,"column":61}},"31":{"start":{"line":99,"column":6},"end":{"line":99,"column":19}},"32":{"start":{"line":250,"column":2},"end":{"line":250,"column":25}},"33":{"start":{"line":116,"column":66},"end":{"line":125,"column":1}},"34":{"start":{"line":121,"column":2},"end":{"line":124,"column":4}},"35":{"start":{"line":129,"column":4},"end":{"line":134,"column":1}},"36":{"start":{"line":130,"column":2},"end":{"line":133,"column":4}},"37":{"start":{"line":141,"column":4},"end":{"line":170,"column":1}},"38":{"start":{"line":142,"column":25},"end":{"line":145,"column":3}},"39":{"start":{"line":146,"column":46},"end":{"line":149,"column":5}},"40":{"start":{"line":146,"column":74},"end":{"line":148,"column":12}},"41":{"start":{"line":151,"column":22},"end":{"line":158,"column":3}},"42":{"start":{"line":157,"column":32},"end":{"line":157,"column":76}},"43":{"start":{"line":159,"column":2},"end":{"line":169,"column":4}},"44":{"start":{"line":178,"column":4},"end":{"line":201,"column":1}},"45":{"start":{"line":179,"column":19},"end":{"line":179,"column":42}},"46":{"start":{"line":180,"column":2},"end":{"line":199,"column":3}},"47":{"start":{"line":181,"column":24},"end":{"line":186,"column":5}},"48":{"start":{"line":188,"column":25},"end":{"line":192,"column":5}},"49":{"start":{"line":191,"column":11},"end":{"line":191,"column":41}},"50":{"start":{"line":194,"column":4},"end":{"line":198,"column":6}},"51":{"start":{"line":200,"column":2},"end":{"line":200,"column":15}},"52":{"start":{"line":208,"column":4},"end":{"line":240,"column":1}},"53":{"start":{"line":209,"column":23},"end":{"line":213,"column":3}},"54":{"start":{"line":212,"column":9},"end":{"line":212,"column":39}},"55":{"start":{"line":214,"column":24},"end":{"line":218,"column":3}},"56":{"start":{"line":222,"column":20},"end":{"line":222,"column":58}},"57":{"start":{"line":224,"column":2},"end":{"line":229,"column":3}},"58":{"start":{"line":225,"column":4},"end":{"line":228,"column":6}},"59":{"start":{"line":227,"column":33},"end":{"line":227,"column":70}},"60":{"start":{"line":231,"column":2},"end":{"line":239,"column":4}}},"fnMap":{"0":{"name":"(anonymous_0)","decl":{"start":{"line":39,"column":40},"end":{"line":39,"column":42}},"loc":{"start":{"line":39,"column":47},"end":{"line":41,"column":1}}},"1":{"name":"(anonymous_1)","decl":{"start":{"line":46,"column":38},"end":{"line":46,"column":40}},"loc":{"start":{"line":46,"column":45},"end":{"line":48,"column":1}}},"2":{"name":"(anonymous_2)","decl":{"start":{"line":51,"column":40},"end":{"line":51,"column":41}},"loc":{"start":{"line":51,"column":75},"end":{"line":54,"column":1}}},"3":{"name":"(anonymous_3)","decl":{"start":{"line":59,"column":38},"end":{"line":59,"column":39}},"loc":{"start":{"line":59,"column":77},"end":{"line":62,"column":1}}},"4":{"name":"(anonymous_4)","decl":{"start":{"line":65,"column":34},"end":{"line":65,"column":35}},"loc":{"start":{"line":65,"column":68},"end":{"line":68,"column":1}}},"5":{"name":"(anonymous_5)","decl":{"start":{"line":82,"column":32},"end":{"line":83,"column":2}},"loc":{"start":{"line":86,"column":17},"end":{"line":101,"column":1}}},"6":{"name":"(anonymous_6)","decl":{"start":{"line":116,"column":66},"end":{"line":117,"column":2}},"loc":{"start":{"line":120,"column":4},"end":{"line":125,"column":1}}},"7":{"name":"(anonymous_7)","decl":{"start":{"line":129,"column":4},"end":{"line":129,"column":5}},"loc":{"start":{"line":129,"column":17},"end":{"line":134,"column":1}}},"8":{"name":"(anonymous_8)","decl":{"start":{"line":141,"column":4},"end":{"line":141,"column":5}},"loc":{"start":{"line":141,"column":18},"end":{"line":170,"column":1}}},"9":{"name":"(anonymous_9)","decl":{"start":{"line":146,"column":65},"end":{"line":146,"column":69}},"loc":{"start":{"line":146,"column":74},"end":{"line":148,"column":12}}},"10":{"name":"(anonymous_10)","decl":{"start":{"line":157,"column":23},"end":{"line":157,"column":27}},"loc":{"start":{"line":157,"column":32},"end":{"line":157,"column":76}}},"11":{"name":"(anonymous_11)","decl":{"start":{"line":178,"column":4},"end":{"line":178,"column":5}},"loc":{"start":{"line":178,"column":26},"end":{"line":201,"column":1}}},"12":{"name":"(anonymous_12)","decl":{"start":{"line":191,"column":6},"end":{"line":191,"column":7}},"loc":{"start":{"line":191,"column":11},"end":{"line":191,"column":41}}},"13":{"name":"(anonymous_13)","decl":{"start":{"line":208,"column":4},"end":{"line":208,"column":5}},"loc":{"start":{"line":208,"column":26},"end":{"line":240,"column":1}}},"14":{"name":"(anonymous_14)","decl":{"start":{"line":212,"column":4},"end":{"line":212,"column":5}},"loc":{"start":{"line":212,"column":9},"end":{"line":212,"column":39}}},"15":{"name":"(anonymous_15)","decl":{"start":{"line":227,"column":24},"end":{"line":227,"column":28}},"loc":{"start":{"line":227,"column":33},"end":{"line":227,"column":70}}}},"branchMap":{"0":{"loc":{"start":{"line":88,"column":4},"end":{"line":89,"column":49}},"type":"switch","locations":[{"start":{"line":88,"column":4},"end":{"line":89,"column":49}},{"start":{"line":90,"column":4},"end":{"line":91,"column":63}},{"start":{"line":92,"column":4},"end":{"line":93,"column":61}},{"start":{"line":94,"column":4},"end":{"line":95,"column":63}},{"start":{"line":96,"column":4},"end":{"line":97,"column":61}},{"start":{"line":98,"column":4},"end":{"line":99,"column":19}}]},"1":{"loc":{"start":{"line":180,"column":2},"end":{"line":199,"column":3}},"type":"if","locations":[{"start":{"line":180,"column":2},"end":{"line":199,"column":3}},{"start":{"line":180,"column":2},"end":{"line":199,"column":3}}]},"2":{"loc":{"start":{"line":180,"column":6},"end":{"line":180,"column":14}},"type":"binary-expr","locations":[{"start":{"line":180,"column":6},"end":{"line":180,"column":14}},{"start":{"line":180,"column":18},"end":{"line":180,"column":51}}]},"3":{"loc":{"start":{"line":224,"column":2},"end":{"line":229,"column":3}},"type":"if","locations":[{"start":{"line":224,"column":2},"end":{"line":229,"column":3}},{"start":{"line":224,"column":2},"end":{"line":229,"column":3}}]},"4":{"loc":{"start":{"line":234,"column":8},"end":{"line":234,"column":62}},"type":"cond-expr","locations":[{"start":{"line":234,"column":8},"end":{"line":234,"column":62}},{"start":{"line":235,"column":8},"end":{"line":235,"column":27}}]}},"s":{"0":1,"1":1,"2":1,"3":1,"4":1,"5":1,"6":1,"7":1,"8":1,"9":1,"10":1,"11":1,"12":1,"13":1,"14":1,"15":1,"16":1,"17":2,"18":1,"19":2,"20":1,"21":1,"22":1,"23":1,"24":1,"25":7,"26":1,"27":1,"28":2,"29":2,"30":1,"31":0,"32":1,"33":1,"34":1,"35":1,"36":1,"37":1,"38":2,"39":2,"40":2,"41":2,"42":2,"43":2,"44":1,"45":2,"46":2,"47":1,"48":1,"49":0,"50":1,"51":1,"52":1,"53":1,"54":0,"55":1,"56":1,"57":1,"58":1,"59":1,"60":1},"f":{"0":1,"1":2,"2":2,"3":1,"4":1,"5":7,"6":1,"7":1,"8":2,"9":2,"10":2,"11":2,"12":0,"13":1,"14":0,"15":1},"b":{"0":[1,1,2,2,1,0],"1":[1,1],"2":[2,2],"3":[1,0],"4":[1,0]}}
,"/Users/jonathonherbert/Code/prosemirror-noting/src/js/utils/decoration.ts": {"path":"/Users/jonathonherbert/Code/prosemirror-noting/src/js/utils/decoration.ts","statementMap":{"0":{"start":{"line":1,"column":0},"end":{"line":1,"column":60}},"1":{"start":{"line":8,"column":0},"end":{"line":8,"column":26}},"2":{"start":{"line":9,"column":0},"end":{"line":9,"column":36}},"3":{"start":{"line":11,"column":0},"end":{"line":11,"column":53}},"4":{"start":{"line":14,"column":13},"end":{"line":14,"column":61}},"5":{"start":{"line":15,"column":13},"end":{"line":15,"column":51}},"6":{"start":{"line":16,"column":13},"end":{"line":16,"column":57}},"7":{"start":{"line":17,"column":13},"end":{"line":21,"column":2}},"8":{"start":{"line":23,"column":13},"end":{"line":35,"column":2}},"9":{"start":{"line":24,"column":15},"end":{"line":24,"column":61}},"10":{"start":{"line":25,"column":2},"end":{"line":34,"column":4}},"11":{"start":{"line":37,"column":13},"end":{"line":49,"column":18}},"12":{"start":{"line":42,"column":2},"end":{"line":49,"column":17}},"13":{"start":{"line":43,"column":32},"end":{"line":47,"column":5}},"14":{"start":{"line":46,"column":14},"end":{"line":46,"column":32}},"15":{"start":{"line":48,"column":4},"end":{"line":48,"column":43}},"16":{"start":{"line":55,"column":13},"end":{"line":82,"column":2}},"17":{"start":{"line":61,"column":29},"end":{"line":61,"column":78}},"18":{"start":{"line":61,"column":44},"end":{"line":61,"column":77}},"19":{"start":{"line":62,"column":2},"end":{"line":64,"column":3}},"20":{"start":{"line":63,"column":4},"end":{"line":63,"column":25}},"21":{"start":{"line":65,"column":20},"end":{"line":69,"column":3}},"22":{"start":{"line":72,"column":25},"end":{"line":75,"column":3}},"23":{"start":{"line":78,"column":27},"end":{"line":78,"column":71}},"24":{"start":{"line":81,"column":2},"end":{"line":81,"column":63}},"25":{"start":{"line":87,"column":13},"end":{"line":103,"column":2}},"26":{"start":{"line":88,"column":23},"end":{"line":88,"column":29}},"27":{"start":{"line":89,"column":2},"end":{"line":102,"column":4}},"28":{"start":{"line":105,"column":13},"end":{"line":106,"column":58}},"29":{"start":{"line":106,"column":2},"end":{"line":106,"column":57}},"30":{"start":{"line":108,"column":13},"end":{"line":117,"column":2}},"31":{"start":{"line":112,"column":22},"end":{"line":112,"column":77}},"32":{"start":{"line":113,"column":2},"end":{"line":115,"column":3}},"33":{"start":{"line":114,"column":4},"end":{"line":114,"column":21}},"34":{"start":{"line":116,"column":2},"end":{"line":116,"column":24}},"35":{"start":{"line":122,"column":13},"end":{"line":140,"column":2}},"36":{"start":{"line":123,"column":17},"end":{"line":123,"column":47}},"37":{"start":{"line":124,"column":2},"end":{"line":124,"column":51}},"38":{"start":{"line":126,"column":22},"end":{"line":126,"column":52}},"39":{"start":{"line":127,"column":2},"end":{"line":127,"column":46}},"40":{"start":{"line":128,"column":2},"end":{"line":128,"column":34}},"41":{"start":{"line":130,"column":20},"end":{"line":130,"column":50}},"42":{"start":{"line":131,"column":24},"end":{"line":131,"column":59}},"43":{"start":{"line":132,"column":2},"end":{"line":132,"column":39}},"44":{"start":{"line":133,"column":2},"end":{"line":133,"column":50}},"45":{"start":{"line":134,"column":2},"end":{"line":134,"column":37}},"46":{"start":{"line":136,"column":19},"end":{"line":136,"column":60}},"47":{"start":{"line":137,"column":2},"end":{"line":137,"column":36}},"48":{"start":{"line":139,"column":2},"end":{"line":139,"column":16}}},"fnMap":{"0":{"name":"(anonymous_1)","decl":{"start":{"line":23,"column":46},"end":{"line":23,"column":47}},"loc":{"start":{"line":23,"column":77},"end":{"line":35,"column":1}}},"1":{"name":"(anonymous_2)","decl":{"start":{"line":37,"column":53},"end":{"line":38,"column":2}},"loc":{"start":{"line":42,"column":2},"end":{"line":49,"column":17}}},"2":{"name":"(anonymous_3)","decl":{"start":{"line":42,"column":16},"end":{"line":42,"column":17}},"loc":{"start":{"line":42,"column":31},"end":{"line":49,"column":3}}},"3":{"name":"(anonymous_4)","decl":{"start":{"line":46,"column":6},"end":{"line":46,"column":9}},"loc":{"start":{"line":46,"column":14},"end":{"line":46,"column":32}}},"4":{"name":"(anonymous_5)","decl":{"start":{"line":55,"column":54},"end":{"line":56,"column":2}},"loc":{"start":{"line":60,"column":4},"end":{"line":82,"column":1}}},"5":{"name":"(anonymous_6)","decl":{"start":{"line":61,"column":38},"end":{"line":61,"column":39}},"loc":{"start":{"line":61,"column":44},"end":{"line":61,"column":77}}},"6":{"name":"(anonymous_7)","decl":{"start":{"line":87,"column":50},"end":{"line":87,"column":51}},"loc":{"start":{"line":87,"column":78},"end":{"line":103,"column":1}}},"7":{"name":"(anonymous_8)","decl":{"start":{"line":105,"column":49},"end":{"line":105,"column":50}},"loc":{"start":{"line":106,"column":2},"end":{"line":106,"column":57}}},"8":{"name":"(anonymous_9)","decl":{"start":{"line":108,"column":36},"end":{"line":109,"column":2}},"loc":{"start":{"line":111,"column":28},"end":{"line":117,"column":1}}},"9":{"name":"(anonymous_10)","decl":{"start":{"line":122,"column":29},"end":{"line":122,"column":30}},"loc":{"start":{"line":122,"column":57},"end":{"line":140,"column":1}}}},"branchMap":{"0":{"loc":{"start":{"line":23,"column":69},"end":{"line":23,"column":73}},"type":"default-arg","locations":[{"start":{"line":23,"column":69},"end":{"line":23,"column":73}}]},"1":{"loc":{"start":{"line":24,"column":23},"end":{"line":24,"column":39}},"type":"cond-expr","locations":[{"start":{"line":24,"column":23},"end":{"line":24,"column":39}},{"start":{"line":24,"column":42},"end":{"line":24,"column":61}}]},"2":{"loc":{"start":{"line":40,"column":9},"end":{"line":40,"column":30}},"type":"default-arg","locations":[{"start":{"line":40,"column":9},"end":{"line":40,"column":30}}]},"3":{"loc":{"start":{"line":62,"column":2},"end":{"line":64,"column":3}},"type":"if","locations":[{"start":{"line":62,"column":2},"end":{"line":64,"column":3}},{"start":{"line":62,"column":2},"end":{"line":64,"column":3}}]},"4":{"loc":{"start":{"line":62,"column":6},"end":{"line":62,"column":25}},"type":"binary-expr","locations":[{"start":{"line":62,"column":6},"end":{"line":62,"column":25}},{"start":{"line":62,"column":29},"end":{"line":62,"column":43}}]},"5":{"loc":{"start":{"line":113,"column":2},"end":{"line":115,"column":3}},"type":"if","locations":[{"start":{"line":113,"column":2},"end":{"line":115,"column":3}},{"start":{"line":113,"column":2},"end":{"line":115,"column":3}}]}},"s":{"0":1,"1":1,"2":1,"3":1,"4":1,"5":1,"6":1,"7":1,"8":1,"9":7,"10":7,"11":1,"12":3,"13":3,"14":1,"15":3,"16":1,"17":1,"18":1,"19":1,"20":0,"21":1,"22":1,"23":1,"24":1,"25":1,"26":1,"27":1,"28":1,"29":1,"30":1,"31":0,"32":0,"33":0,"34":0,"35":1,"36":1,"37":1,"38":1,"39":1,"40":1,"41":1,"42":1,"43":1,"44":1,"45":1,"46":1,"47":1,"48":1},"f":{"0":7,"1":3,"2":3,"3":1,"4":1,"5":1,"6":1,"7":1,"8":0,"9":1},"b":{"0":[3],"1":[3,4],"2":[1],"3":[0,1],"4":[1,1],"5":[0,0]}}
,"/Users/jonathonherbert/Code/prosemirror-noting/src/js/utils/range.ts": {"path":"/Users/jonathonherbert/Code/prosemirror-noting/src/js/utils/range.ts","statementMap":{"0":{"start":{"line":5,"column":0},"end":{"line":5,"column":50}},"1":{"start":{"line":6,"column":0},"end":{"line":6,"column":58}},"2":{"start":{"line":7,"column":0},"end":{"line":7,"column":32}},"3":{"start":{"line":8,"column":0},"end":{"line":8,"column":36}},"4":{"start":{"line":10,"column":13},"end":{"line":20,"column":2}},"5":{"start":{"line":11,"column":2},"end":{"line":19,"column":4}},"6":{"start":{"line":14,"column":6},"end":{"line":18,"column":66}},"7":{"start":{"line":22,"column":13},"end":{"line":25,"column":3}},"8":{"start":{"line":22,"column":68},"end":{"line":25,"column":1}},"9":{"start":{"line":27,"column":13},"end":{"line":39,"column":4}},"10":{"start":{"line":28,"column":2},"end":{"line":39,"column":3}},"11":{"start":{"line":30,"column":20},"end":{"line":30,"column":57}},"12":{"start":{"line":31,"column":6},"end":{"line":33,"column":7}},"13":{"start":{"line":32,"column":8},"end":{"line":32,"column":33}},"14":{"start":{"line":34,"column":23},"end":{"line":34,"column":34}},"15":{"start":{"line":35,"column":6},"end":{"line":35,"column":63}},"16":{"start":{"line":36,"column":6},"end":{"line":36,"column":22}},"17":{"start":{"line":44,"column":13},"end":{"line":84,"column":2}},"18":{"start":{"line":48,"column":28},"end":{"line":48,"column":52}},"19":{"start":{"line":49,"column":29},"end":{"line":49,"column":54}},"20":{"start":{"line":50,"column":2},"end":{"line":83,"column":4}},"21":{"start":{"line":52,"column":22},"end":{"line":52,"column":74}},"22":{"start":{"line":53,"column":6},"end":{"line":55,"column":7}},"23":{"start":{"line":54,"column":8},"end":{"line":54,"column":33}},"24":{"start":{"line":56,"column":31},"end":{"line":56,"column":58}},"25":{"start":{"line":57,"column":34},"end":{"line":60,"column":7}},"26":{"start":{"line":62,"column":6},"end":{"line":67,"column":7}},"27":{"start":{"line":64,"column":8},"end":{"line":66,"column":44}},"28":{"start":{"line":69,"column":6},"end":{"line":80,"column":8}},"29":{"start":{"line":86,"column":13},"end":{"line":89,"column":3}},"30":{"start":{"line":86,"column":74},"end":{"line":89,"column":1}},"31":{"start":{"line":91,"column":30},"end":{"line":116,"column":3}},"32":{"start":{"line":95,"column":2},"end":{"line":116,"column":3}},"33":{"start":{"line":98,"column":6},"end":{"line":112,"column":7}},"34":{"start":{"line":99,"column":21},"end":{"line":99,"column":41}},"35":{"start":{"line":100,"column":19},"end":{"line":100,"column":65}},"36":{"start":{"line":101,"column":20},"end":{"line":101,"column":61}},"37":{"start":{"line":102,"column":8},"end":{"line":111,"column":16}},"38":{"start":{"line":113,"column":6},"end":{"line":113,"column":17}},"39":{"start":{"line":121,"column":13},"end":{"line":136,"column":2}},"40":{"start":{"line":122,"column":19},"end":{"line":122,"column":42}},"41":{"start":{"line":123,"column":17},"end":{"line":123,"column":38}},"42":{"start":{"line":124,"column":21},"end":{"line":126,"column":3}},"43":{"start":{"line":124,"column":44},"end":{"line":124,"column":56}},"44":{"start":{"line":127,"column":2},"end":{"line":131,"column":3}},"45":{"start":{"line":128,"column":4},"end":{"line":130,"column":6}},"46":{"start":{"line":132,"column":2},"end":{"line":135,"column":4}},"47":{"start":{"line":141,"column":13},"end":{"line":153,"column":2}},"48":{"start":{"line":142,"column":27},"end":{"line":151,"column":12}},"49":{"start":{"line":143,"column":26},"end":{"line":143,"column":78}},"50":{"start":{"line":144,"column":29},"end":{"line":149,"column":5}},"51":{"start":{"line":150,"column":4},"end":{"line":150,"column":40}},"52":{"start":{"line":152,"column":2},"end":{"line":152,"column":39}},"53":{"start":{"line":155,"column":13},"end":{"line":183,"column":4}},"54":{"start":{"line":160,"column":2},"end":{"line":183,"column":3}},"55":{"start":{"line":162,"column":38},"end":{"line":162,"column":75}},"56":{"start":{"line":162,"column":58},"end":{"line":162,"column":74}},"57":{"start":{"line":165,"column":6},"end":{"line":167,"column":7}},"58":{"start":{"line":166,"column":8},"end":{"line":166,"column":21}},"59":{"start":{"line":169,"column":6},"end":{"line":171,"column":7}},"60":{"start":{"line":170,"column":8},"end":{"line":170,"column":25}},"61":{"start":{"line":173,"column":6},"end":{"line":181,"column":9}},"62":{"start":{"line":175,"column":24},"end":{"line":178,"column":11}}},"fnMap":{"0":{"name":"(anonymous_1)","decl":{"start":{"line":10,"column":41},"end":{"line":10,"column":42}},"loc":{"start":{"line":10,"column":75},"end":{"line":20,"column":1}}},"1":{"name":"(anonymous_2)","decl":{"start":{"line":12,"column":4},"end":{"line":12,"column":13}},"loc":{"start":{"line":14,"column":6},"end":{"line":18,"column":66}}},"2":{"name":"(anonymous_3)","decl":{"start":{"line":22,"column":26},"end":{"line":22,"column":27}},"loc":{"start":{"line":22,"column":68},"end":{"line":25,"column":1}}},"3":{"name":"(anonymous_4)","decl":{"start":{"line":27,"column":27},"end":{"line":27,"column":28}},"loc":{"start":{"line":28,"column":2},"end":{"line":39,"column":3}}},"4":{"name":"(anonymous_5)","decl":{"start":{"line":29,"column":4},"end":{"line":29,"column":5}},"loc":{"start":{"line":29,"column":19},"end":{"line":37,"column":5}}},"5":{"name":"(anonymous_6)","decl":{"start":{"line":44,"column":26},"end":{"line":45,"column":2}},"loc":{"start":{"line":47,"column":13},"end":{"line":84,"column":1}}},"6":{"name":"(anonymous_7)","decl":{"start":{"line":51,"column":4},"end":{"line":51,"column":5}},"loc":{"start":{"line":51,"column":19},"end":{"line":81,"column":5}}},"7":{"name":"(anonymous_8)","decl":{"start":{"line":86,"column":38},"end":{"line":86,"column":39}},"loc":{"start":{"line":86,"column":74},"end":{"line":89,"column":1}}},"8":{"name":"(anonymous_9)","decl":{"start":{"line":91,"column":30},"end":{"line":92,"column":2}},"loc":{"start":{"line":95,"column":2},"end":{"line":116,"column":3}}},"9":{"name":"(anonymous_10)","decl":{"start":{"line":96,"column":4},"end":{"line":96,"column":5}},"loc":{"start":{"line":96,"column":19},"end":{"line":114,"column":5}}},"10":{"name":"(anonymous_11)","decl":{"start":{"line":121,"column":27},"end":{"line":121,"column":28}},"loc":{"start":{"line":121,"column":62},"end":{"line":136,"column":1}}},"11":{"name":"(anonymous_12)","decl":{"start":{"line":124,"column":36},"end":{"line":124,"column":39}},"loc":{"start":{"line":124,"column":44},"end":{"line":124,"column":56}}},"12":{"name":"(anonymous_13)","decl":{"start":{"line":141,"column":43},"end":{"line":141,"column":44}},"loc":{"start":{"line":141,"column":74},"end":{"line":153,"column":1}}},"13":{"name":"(anonymous_14)","decl":{"start":{"line":142,"column":41},"end":{"line":142,"column":42}},"loc":{"start":{"line":142,"column":63},"end":{"line":151,"column":3}}},"14":{"name":"(anonymous_15)","decl":{"start":{"line":155,"column":43},"end":{"line":156,"column":2}},"loc":{"start":{"line":160,"column":2},"end":{"line":183,"column":3}}},"15":{"name":"(anonymous_16)","decl":{"start":{"line":161,"column":15},"end":{"line":161,"column":19}},"loc":{"start":{"line":161,"column":23},"end":{"line":182,"column":5}}},"16":{"name":"(anonymous_17)","decl":{"start":{"line":162,"column":52},"end":{"line":162,"column":53}},"loc":{"start":{"line":162,"column":58},"end":{"line":162,"column":74}}},"17":{"name":"(anonymous_18)","decl":{"start":{"line":175,"column":10},"end":{"line":175,"column":11}},"loc":{"start":{"line":175,"column":24},"end":{"line":178,"column":11}}}},"branchMap":{"0":{"loc":{"start":{"line":14,"column":7},"end":{"line":14,"column":36}},"type":"binary-expr","locations":[{"start":{"line":14,"column":7},"end":{"line":14,"column":36}},{"start":{"line":14,"column":40},"end":{"line":14,"column":67}},{"start":{"line":16,"column":7},"end":{"line":16,"column":32}},{"start":{"line":16,"column":36},"end":{"line":16,"column":63}},{"start":{"line":18,"column":7},"end":{"line":18,"column":36}},{"start":{"line":18,"column":40},"end":{"line":18,"column":65}}]},"1":{"loc":{"start":{"line":23,"column":36},"end":{"line":23,"column":47}},"type":"cond-expr","locations":[{"start":{"line":23,"column":36},"end":{"line":23,"column":47}},{"start":{"line":23,"column":50},"end":{"line":23,"column":61}}]},"2":{"loc":{"start":{"line":24,"column":30},"end":{"line":24,"column":39}},"type":"cond-expr","locations":[{"start":{"line":24,"column":30},"end":{"line":24,"column":39}},{"start":{"line":24,"column":42},"end":{"line":24,"column":51}}]},"3":{"loc":{"start":{"line":31,"column":6},"end":{"line":33,"column":7}},"type":"if","locations":[{"start":{"line":31,"column":6},"end":{"line":33,"column":7}},{"start":{"line":31,"column":6},"end":{"line":33,"column":7}}]},"4":{"loc":{"start":{"line":53,"column":6},"end":{"line":55,"column":7}},"type":"if","locations":[{"start":{"line":53,"column":6},"end":{"line":55,"column":7}},{"start":{"line":53,"column":6},"end":{"line":55,"column":7}}]},"5":{"loc":{"start":{"line":62,"column":6},"end":{"line":67,"column":7}},"type":"if","locations":[{"start":{"line":62,"column":6},"end":{"line":67,"column":7}},{"start":{"line":62,"column":6},"end":{"line":67,"column":7}}]},"6":{"loc":{"start":{"line":65,"column":12},"end":{"line":65,"column":15}},"type":"cond-expr","locations":[{"start":{"line":65,"column":12},"end":{"line":65,"column":15}},{"start":{"line":66,"column":12},"end":{"line":66,"column":43}}]},"7":{"loc":{"start":{"line":98,"column":6},"end":{"line":112,"column":7}},"type":"if","locations":[{"start":{"line":98,"column":6},"end":{"line":112,"column":7}},{"start":{"line":98,"column":6},"end":{"line":112,"column":7}}]},"8":{"loc":{"start":{"line":98,"column":10},"end":{"line":98,"column":31}},"type":"binary-expr","locations":[{"start":{"line":98,"column":10},"end":{"line":98,"column":31}},{"start":{"line":98,"column":35},"end":{"line":98,"column":72}}]},"9":{"loc":{"start":{"line":101,"column":44},"end":{"line":101,"column":52}},"type":"cond-expr","locations":[{"start":{"line":101,"column":44},"end":{"line":101,"column":52}},{"start":{"line":101,"column":55},"end":{"line":101,"column":56}}]},"10":{"loc":{"start":{"line":103,"column":12},"end":{"line":110,"column":13}},"type":"cond-expr","locations":[{"start":{"line":103,"column":12},"end":{"line":110,"column":13}},{"start":{"line":111,"column":12},"end":{"line":111,"column":15}}]},"11":{"loc":{"start":{"line":127,"column":2},"end":{"line":131,"column":3}},"type":"if","locations":[{"start":{"line":127,"column":2},"end":{"line":131,"column":3}},{"start":{"line":127,"column":2},"end":{"line":131,"column":3}}]},"12":{"loc":{"start":{"line":165,"column":6},"end":{"line":167,"column":7}},"type":"if","locations":[{"start":{"line":165,"column":6},"end":{"line":167,"column":7}},{"start":{"line":165,"column":6},"end":{"line":167,"column":7}}]},"13":{"loc":{"start":{"line":169,"column":6},"end":{"line":171,"column":7}},"type":"if","locations":[{"start":{"line":169,"column":6},"end":{"line":171,"column":7}},{"start":{"line":169,"column":6},"end":{"line":171,"column":7}}]}},"s":{"0":2,"1":2,"2":2,"3":2,"4":2,"5":36,"6":22,"7":2,"8":5,"9":2,"10":16,"11":24,"12":24,"13":19,"14":5,"15":5,"16":5,"17":2,"18":6,"19":6,"20":6,"21":6,"22":6,"23":2,"24":4,"25":4,"26":4,"27":1,"28":3,"29":2,"30":1,"31":2,"32":0,"33":0,"34":0,"35":0,"36":0,"37":0,"38":0,"39":2,"40":2,"41":2,"42":2,"43":2,"44":2,"45":0,"46":2,"47":2,"48":2,"49":2,"50":2,"51":2,"52":2,"53":2,"54":2,"55":2,"56":2,"57":2,"58":2,"59":0,"60":0,"61":0,"62":0},"f":{"0":36,"1":22,"2":5,"3":16,"4":24,"5":6,"6":6,"7":1,"8":0,"9":0,"10":2,"11":2,"12":2,"13":2,"14":2,"15":2,"16":2,"17":0},"b":{"0":[22,14,16,3,14,6],"1":[2,3],"2":[5,0],"3":[19,5],"4":[2,4],"5":[1,3],"6":[0,1],"7":[0,0],"8":[0,0],"9":[0,0],"10":[0,0],"11":[0,2],"12":[2,0],"13":[0,0]}}
,"/Users/jonathonherbert/Code/prosemirror-noting/src/js/utils/string.ts": {"path":"/Users/jonathonherbert/Code/prosemirror-noting/src/js/utils/string.ts","statementMap":{"0":{"start":{"line":7,"column":13},"end":{"line":23,"column":2}},"1":{"start":{"line":8,"column":20},"end":{"line":8,"column":34}},"2":{"start":{"line":10,"column":4},"end":{"line":12,"column":67}},"3":{"start":{"line":14,"column":4},"end":{"line":16,"column":65}},"4":{"start":{"line":17,"column":2},"end":{"line":22,"column":4}},"5":{"start":{"line":25,"column":13},"end":{"line":41,"column":2}},"6":{"start":{"line":30,"column":14},"end":{"line":30,"column":65}},"7":{"start":{"line":31,"column":15},"end":{"line":31,"column":17}},"8":{"start":{"line":33,"column":2},"end":{"line":36,"column":3}},"9":{"start":{"line":34,"column":4},"end":{"line":34,"column":45}},"10":{"start":{"line":35,"column":4},"end":{"line":35,"column":13}},"11":{"start":{"line":37,"column":2},"end":{"line":39,"column":3}},"12":{"start":{"line":38,"column":4},"end":{"line":38,"column":34}},"13":{"start":{"line":40,"column":2},"end":{"line":40,"column":48}},"14":{"start":{"line":43,"column":13},"end":{"line":45,"column":2}},"15":{"start":{"line":44,"column":2},"end":{"line":44,"column":58}},"16":{"start":{"line":51,"column":13},"end":{"line":55,"column":4}},"17":{"start":{"line":52,"column":2},"end":{"line":55,"column":3}},"18":{"start":{"line":53,"column":20},"end":{"line":53,"column":73}}},"fnMap":{"0":{"name":"(anonymous_0)","decl":{"start":{"line":7,"column":32},"end":{"line":7,"column":33}},"loc":{"start":{"line":7,"column":78},"end":{"line":23,"column":1}}},"1":{"name":"(anonymous_1)","decl":{"start":{"line":25,"column":36},"end":{"line":26,"column":2}},"loc":{"start":{"line":29,"column":4},"end":{"line":41,"column":1}}},"2":{"name":"(anonymous_2)","decl":{"start":{"line":43,"column":24},"end":{"line":43,"column":25}},"loc":{"start":{"line":43,"column":37},"end":{"line":45,"column":1}}},"3":{"name":"(anonymous_3)","decl":{"start":{"line":51,"column":48},"end":{"line":51,"column":49}},"loc":{"start":{"line":52,"column":2},"end":{"line":55,"column":3}}},"4":{"name":"(anonymous_4)","decl":{"start":{"line":53,"column":4},"end":{"line":53,"column":5}},"loc":{"start":{"line":53,"column":20},"end":{"line":53,"column":73}}}},"branchMap":{"0":{"loc":{"start":{"line":7,"column":73},"end":{"line":7,"column":74}},"type":"default-arg","locations":[{"start":{"line":7,"column":73},"end":{"line":7,"column":74}}]},"1":{"loc":{"start":{"line":11,"column":8},"end":{"line":11,"column":9}},"type":"cond-expr","locations":[{"start":{"line":11,"column":8},"end":{"line":11,"column":9}},{"start":{"line":12,"column":8},"end":{"line":12,"column":67}}]},"2":{"loc":{"start":{"line":15,"column":8},"end":{"line":15,"column":17}},"type":"cond-expr","locations":[{"start":{"line":15,"column":8},"end":{"line":15,"column":17}},{"start":{"line":16,"column":8},"end":{"line":16,"column":65}}]},"3":{"loc":{"start":{"line":28,"column":12},"end":{"line":28,"column":16}},"type":"default-arg","locations":[{"start":{"line":28,"column":12},"end":{"line":28,"column":16}}]},"4":{"loc":{"start":{"line":30,"column":24},"end":{"line":30,"column":38}},"type":"cond-expr","locations":[{"start":{"line":30,"column":24},"end":{"line":30,"column":38}},{"start":{"line":30,"column":41},"end":{"line":30,"column":65}}]},"5":{"loc":{"start":{"line":33,"column":2},"end":{"line":36,"column":3}},"type":"if","locations":[{"start":{"line":33,"column":2},"end":{"line":36,"column":3}},{"start":{"line":33,"column":2},"end":{"line":36,"column":3}}]},"6":{"loc":{"start":{"line":37,"column":18},"end":{"line":37,"column":32}},"type":"binary-expr","locations":[{"start":{"line":37,"column":18},"end":{"line":37,"column":32}},{"start":{"line":37,"column":36},"end":{"line":37,"column":57}}]},"7":{"loc":{"start":{"line":40,"column":19},"end":{"line":40,"column":25}},"type":"cond-expr","locations":[{"start":{"line":40,"column":19},"end":{"line":40,"column":25}},{"start":{"line":40,"column":28},"end":{"line":40,"column":47}}]},"8":{"loc":{"start":{"line":44,"column":9},"end":{"line":44,"column":32}},"type":"binary-expr","locations":[{"start":{"line":44,"column":9},"end":{"line":44,"column":32}},{"start":{"line":44,"column":36},"end":{"line":44,"column":57}}]}},"s":{"0":1,"1":5,"2":5,"3":5,"4":5,"5":1,"6":15,"7":15,"8":15,"9":1,"10":1,"11":15,"12":41,"13":15,"14":1,"15":0,"16":1,"17":1,"18":2},"f":{"0":5,"1":15,"2":0,"3":1,"4":2},"b":{"0":[1],"1":[1,4],"2":[1,4],"3":[7],"4":[7,8],"5":[1,14],"6":[56,41],"7":[7,8],"8":[0,0]}}
}
