{"/Users/jonathonherbert/Code/prosemirror-noting/src/js/state.ts": {"path":"/Users/jonathonherbert/Code/prosemirror-noting/src/js/state.ts","statementMap":{"0":{"start":{"line":8,"column":0},"end":{"line":12,"column":22}},"1":{"start":{"line":13,"column":0},"end":{"line":19,"column":27}},"2":{"start":{"line":22,"column":33},"end":{"line":22,"column":59}},"3":{"start":{"line":242,"column":2},"end":{"line":242,"column":26}},"4":{"start":{"line":28,"column":35},"end":{"line":28,"column":63}},"5":{"start":{"line":243,"column":2},"end":{"line":243,"column":28}},"6":{"start":{"line":29,"column":33},"end":{"line":29,"column":59}},"7":{"start":{"line":244,"column":2},"end":{"line":244,"column":26}},"8":{"start":{"line":30,"column":35},"end":{"line":30,"column":63}},"9":{"start":{"line":245,"column":2},"end":{"line":245,"column":28}},"10":{"start":{"line":31,"column":33},"end":{"line":31,"column":59}},"11":{"start":{"line":246,"column":2},"end":{"line":246,"column":26}},"12":{"start":{"line":32,"column":21},"end":{"line":32,"column":35}},"13":{"start":{"line":247,"column":2},"end":{"line":247,"column":14}},"14":{"start":{"line":38,"column":13},"end":{"line":40,"column":3}},"15":{"start":{"line":38,"column":47},"end":{"line":40,"column":1}},"16":{"start":{"line":45,"column":13},"end":{"line":47,"column":3}},"17":{"start":{"line":45,"column":45},"end":{"line":47,"column":1}},"18":{"start":{"line":50,"column":13},"end":{"line":53,"column":3}},"19":{"start":{"line":50,"column":75},"end":{"line":53,"column":1}},"20":{"start":{"line":58,"column":13},"end":{"line":61,"column":3}},"21":{"start":{"line":58,"column":77},"end":{"line":61,"column":1}},"22":{"start":{"line":64,"column":13},"end":{"line":67,"column":3}},"23":{"start":{"line":64,"column":68},"end":{"line":67,"column":1}},"24":{"start":{"line":81,"column":32},"end":{"line":100,"column":1}},"25":{"start":{"line":86,"column":2},"end":{"line":99,"column":3}},"26":{"start":{"line":88,"column":6},"end":{"line":88,"column":49}},"27":{"start":{"line":90,"column":6},"end":{"line":90,"column":63}},"28":{"start":{"line":92,"column":6},"end":{"line":92,"column":61}},"29":{"start":{"line":94,"column":6},"end":{"line":94,"column":63}},"30":{"start":{"line":96,"column":6},"end":{"line":96,"column":61}},"31":{"start":{"line":98,"column":6},"end":{"line":98,"column":19}},"32":{"start":{"line":249,"column":2},"end":{"line":249,"column":25}},"33":{"start":{"line":115,"column":66},"end":{"line":124,"column":1}},"34":{"start":{"line":120,"column":2},"end":{"line":123,"column":4}},"35":{"start":{"line":128,"column":4},"end":{"line":133,"column":1}},"36":{"start":{"line":129,"column":2},"end":{"line":132,"column":4}},"37":{"start":{"line":140,"column":4},"end":{"line":169,"column":1}},"38":{"start":{"line":141,"column":25},"end":{"line":144,"column":3}},"39":{"start":{"line":145,"column":46},"end":{"line":148,"column":5}},"40":{"start":{"line":145,"column":74},"end":{"line":147,"column":12}},"41":{"start":{"line":150,"column":22},"end":{"line":157,"column":3}},"42":{"start":{"line":156,"column":32},"end":{"line":156,"column":76}},"43":{"start":{"line":158,"column":2},"end":{"line":168,"column":4}},"44":{"start":{"line":177,"column":4},"end":{"line":200,"column":1}},"45":{"start":{"line":178,"column":19},"end":{"line":178,"column":42}},"46":{"start":{"line":179,"column":2},"end":{"line":198,"column":3}},"47":{"start":{"line":180,"column":24},"end":{"line":185,"column":5}},"48":{"start":{"line":187,"column":25},"end":{"line":191,"column":5}},"49":{"start":{"line":190,"column":11},"end":{"line":190,"column":41}},"50":{"start":{"line":193,"column":4},"end":{"line":197,"column":6}},"51":{"start":{"line":199,"column":2},"end":{"line":199,"column":15}},"52":{"start":{"line":207,"column":4},"end":{"line":239,"column":1}},"53":{"start":{"line":208,"column":23},"end":{"line":212,"column":3}},"54":{"start":{"line":211,"column":9},"end":{"line":211,"column":39}},"55":{"start":{"line":213,"column":24},"end":{"line":217,"column":3}},"56":{"start":{"line":221,"column":20},"end":{"line":221,"column":58}},"57":{"start":{"line":223,"column":2},"end":{"line":228,"column":3}},"58":{"start":{"line":224,"column":4},"end":{"line":227,"column":6}},"59":{"start":{"line":226,"column":33},"end":{"line":226,"column":70}},"60":{"start":{"line":230,"column":2},"end":{"line":238,"column":4}}},"fnMap":{"0":{"name":"(anonymous_0)","decl":{"start":{"line":38,"column":40},"end":{"line":38,"column":42}},"loc":{"start":{"line":38,"column":47},"end":{"line":40,"column":1}}},"1":{"name":"(anonymous_1)","decl":{"start":{"line":45,"column":38},"end":{"line":45,"column":40}},"loc":{"start":{"line":45,"column":45},"end":{"line":47,"column":1}}},"2":{"name":"(anonymous_2)","decl":{"start":{"line":50,"column":40},"end":{"line":50,"column":41}},"loc":{"start":{"line":50,"column":75},"end":{"line":53,"column":1}}},"3":{"name":"(anonymous_3)","decl":{"start":{"line":58,"column":38},"end":{"line":58,"column":39}},"loc":{"start":{"line":58,"column":77},"end":{"line":61,"column":1}}},"4":{"name":"(anonymous_4)","decl":{"start":{"line":64,"column":34},"end":{"line":64,"column":35}},"loc":{"start":{"line":64,"column":68},"end":{"line":67,"column":1}}},"5":{"name":"(anonymous_5)","decl":{"start":{"line":81,"column":32},"end":{"line":82,"column":2}},"loc":{"start":{"line":85,"column":17},"end":{"line":100,"column":1}}},"6":{"name":"(anonymous_6)","decl":{"start":{"line":115,"column":66},"end":{"line":116,"column":2}},"loc":{"start":{"line":119,"column":4},"end":{"line":124,"column":1}}},"7":{"name":"(anonymous_7)","decl":{"start":{"line":128,"column":4},"end":{"line":128,"column":5}},"loc":{"start":{"line":128,"column":17},"end":{"line":133,"column":1}}},"8":{"name":"(anonymous_8)","decl":{"start":{"line":140,"column":4},"end":{"line":140,"column":5}},"loc":{"start":{"line":140,"column":18},"end":{"line":169,"column":1}}},"9":{"name":"(anonymous_9)","decl":{"start":{"line":145,"column":65},"end":{"line":145,"column":69}},"loc":{"start":{"line":145,"column":74},"end":{"line":147,"column":12}}},"10":{"name":"(anonymous_10)","decl":{"start":{"line":156,"column":23},"end":{"line":156,"column":27}},"loc":{"start":{"line":156,"column":32},"end":{"line":156,"column":76}}},"11":{"name":"(anonymous_11)","decl":{"start":{"line":177,"column":4},"end":{"line":177,"column":5}},"loc":{"start":{"line":177,"column":26},"end":{"line":200,"column":1}}},"12":{"name":"(anonymous_12)","decl":{"start":{"line":190,"column":6},"end":{"line":190,"column":7}},"loc":{"start":{"line":190,"column":11},"end":{"line":190,"column":41}}},"13":{"name":"(anonymous_13)","decl":{"start":{"line":207,"column":4},"end":{"line":207,"column":5}},"loc":{"start":{"line":207,"column":26},"end":{"line":239,"column":1}}},"14":{"name":"(anonymous_14)","decl":{"start":{"line":211,"column":4},"end":{"line":211,"column":5}},"loc":{"start":{"line":211,"column":9},"end":{"line":211,"column":39}}},"15":{"name":"(anonymous_15)","decl":{"start":{"line":226,"column":24},"end":{"line":226,"column":28}},"loc":{"start":{"line":226,"column":33},"end":{"line":226,"column":70}}}},"branchMap":{"0":{"loc":{"start":{"line":87,"column":4},"end":{"line":88,"column":49}},"type":"switch","locations":[{"start":{"line":87,"column":4},"end":{"line":88,"column":49}},{"start":{"line":89,"column":4},"end":{"line":90,"column":63}},{"start":{"line":91,"column":4},"end":{"line":92,"column":61}},{"start":{"line":93,"column":4},"end":{"line":94,"column":63}},{"start":{"line":95,"column":4},"end":{"line":96,"column":61}},{"start":{"line":97,"column":4},"end":{"line":98,"column":19}}]},"1":{"loc":{"start":{"line":179,"column":2},"end":{"line":198,"column":3}},"type":"if","locations":[{"start":{"line":179,"column":2},"end":{"line":198,"column":3}},{"start":{"line":179,"column":2},"end":{"line":198,"column":3}}]},"2":{"loc":{"start":{"line":179,"column":6},"end":{"line":179,"column":14}},"type":"binary-expr","locations":[{"start":{"line":179,"column":6},"end":{"line":179,"column":14}},{"start":{"line":179,"column":18},"end":{"line":179,"column":51}}]},"3":{"loc":{"start":{"line":223,"column":2},"end":{"line":228,"column":3}},"type":"if","locations":[{"start":{"line":223,"column":2},"end":{"line":228,"column":3}},{"start":{"line":223,"column":2},"end":{"line":228,"column":3}}]},"4":{"loc":{"start":{"line":233,"column":8},"end":{"line":233,"column":62}},"type":"cond-expr","locations":[{"start":{"line":233,"column":8},"end":{"line":233,"column":62}},{"start":{"line":234,"column":8},"end":{"line":234,"column":27}}]}},"s":{"0":1,"1":1,"2":1,"3":1,"4":1,"5":1,"6":1,"7":1,"8":1,"9":1,"10":1,"11":1,"12":1,"13":1,"14":1,"15":0,"16":1,"17":0,"18":1,"19":0,"20":1,"21":0,"22":1,"23":1,"24":1,"25":1,"26":1,"27":0,"28":0,"29":0,"30":0,"31":0,"32":1,"33":1,"34":1,"35":1,"36":0,"37":1,"38":0,"39":0,"40":0,"41":0,"42":0,"43":0,"44":1,"45":0,"46":0,"47":0,"48":0,"49":0,"50":0,"51":0,"52":1,"53":0,"54":0,"55":0,"56":0,"57":0,"58":0,"59":0,"60":0},"f":{"0":0,"1":0,"2":0,"3":0,"4":1,"5":1,"6":1,"7":0,"8":0,"9":0,"10":0,"11":0,"12":0,"13":0,"14":0,"15":0},"b":{"0":[1,0,0,0,0,0],"1":[0,0],"2":[0,0],"3":[0,0],"4":[0,0]}}
,"/Users/jonathonherbert/Code/prosemirror-noting/src/js/validate.ts": {"path":"/Users/jonathonherbert/Code/prosemirror-noting/src/js/validate.ts","statementMap":{"0":{"start":{"line":1,"column":0},"end":{"line":1,"column":36}},"1":{"start":{"line":2,"column":0},"end":{"line":2,"column":52}},"2":{"start":{"line":8,"column":24},"end":{"line":15,"column":1}},"3":{"start":{"line":9,"column":18},"end":{"line":9,"column":20}},"4":{"start":{"line":11,"column":2},"end":{"line":13,"column":3}},"5":{"start":{"line":12,"column":4},"end":{"line":12,"column":64}},"6":{"start":{"line":14,"column":2},"end":{"line":14,"column":17}},"7":{"start":{"line":17,"column":13},"end":{"line":50,"column":2}},"8":{"start":{"line":25,"column":14},"end":{"line":25,"column":60}},"9":{"start":{"line":26,"column":18},"end":{"line":26,"column":23}},"10":{"start":{"line":27,"column":22},"end":{"line":27,"column":38}},"11":{"start":{"line":28,"column":40},"end":{"line":28,"column":42}},"12":{"start":{"line":30,"column":2},"end":{"line":49,"column":4}},"13":{"start":{"line":32,"column":27},"end":{"line":41,"column":7}},"14":{"start":{"line":33,"column":8},"end":{"line":35,"column":9}},"15":{"start":{"line":34,"column":10},"end":{"line":34,"column":22}},"16":{"start":{"line":36,"column":32},"end":{"line":36,"column":55}},"17":{"start":{"line":37,"column":8},"end":{"line":39,"column":9}},"18":{"start":{"line":38,"column":10},"end":{"line":38,"column":68}},"19":{"start":{"line":40,"column":8},"end":{"line":40,"column":33}},"20":{"start":{"line":42,"column":6},"end":{"line":42,"column":21}},"21":{"start":{"line":44,"column":19},"end":{"line":44,"column":35}},"22":{"start":{"line":46,"column":6},"end":{"line":46,"column":69}},"23":{"start":{"line":47,"column":6},"end":{"line":47,"column":52}},"24":{"start":{"line":58,"column":36},"end":{"line":58,"column":38}},"25":{"start":{"line":59,"column":2},"end":{"line":84,"column":3}},"26":{"start":{"line":60,"column":48},"end":{"line":60,"column":61}},"27":{"start":{"line":61,"column":4},"end":{"line":64,"column":5}},"28":{"start":{"line":63,"column":6},"end":{"line":63,"column":12}},"29":{"start":{"line":65,"column":4},"end":{"line":83,"column":5}},"30":{"start":{"line":66,"column":19},"end":{"line":66,"column":42}},"31":{"start":{"line":67,"column":26},"end":{"line":71,"column":7}},"32":{"start":{"line":69,"column":10},"end":{"line":69,"column":60}},"33":{"start":{"line":72,"column":6},"end":{"line":82,"column":8}},"34":{"start":{"line":74,"column":25},"end":{"line":80,"column":11}},"35":{"start":{"line":81,"column":27},"end":{"line":81,"column":32}},"36":{"start":{"line":86,"column":2},"end":{"line":86,"column":17}},"37":{"start":{"line":55,"column":0},"end":{"line":87,"column":1}}},"fnMap":{"0":{"name":"(anonymous_1)","decl":{"start":{"line":8,"column":24},"end":{"line":8,"column":25}},"loc":{"start":{"line":8,"column":70},"end":{"line":15,"column":1}}},"1":{"name":"(anonymous_2)","decl":{"start":{"line":17,"column":32},"end":{"line":18,"column":2}},"loc":{"start":{"line":24,"column":4},"end":{"line":50,"column":1}}},"2":{"name":"(anonymous_3)","decl":{"start":{"line":31,"column":25},"end":{"line":31,"column":31}},"loc":{"start":{"line":31,"column":35},"end":{"line":43,"column":5}}},"3":{"name":"(anonymous_4)","decl":{"start":{"line":32,"column":27},"end":{"line":32,"column":29}},"loc":{"start":{"line":32,"column":32},"end":{"line":41,"column":7}}},"4":{"name":"(anonymous_5)","decl":{"start":{"line":44,"column":12},"end":{"line":44,"column":14}},"loc":{"start":{"line":44,"column":19},"end":{"line":44,"column":35}}},"5":{"name":"(anonymous_6)","decl":{"start":{"line":45,"column":27},"end":{"line":45,"column":28}},"loc":{"start":{"line":45,"column":60},"end":{"line":48,"column":5}}},"6":{"name":"applyLibraryToValidationMap","decl":{"start":{"line":55,"column":17},"end":{"line":55,"column":44}},"loc":{"start":{"line":56,"column":38},"end":{"line":87,"column":1}}},"7":{"name":"(anonymous_8)","decl":{"start":{"line":68,"column":29},"end":{"line":68,"column":30}},"loc":{"start":{"line":69,"column":10},"end":{"line":69,"column":60}}},"8":{"name":"(anonymous_9)","decl":{"start":{"line":74,"column":15},"end":{"line":74,"column":19}},"loc":{"start":{"line":74,"column":25},"end":{"line":80,"column":11}}},"9":{"name":"(anonymous_10)","decl":{"start":{"line":81,"column":18},"end":{"line":81,"column":22}},"loc":{"start":{"line":81,"column":27},"end":{"line":81,"column":32}}}},"branchMap":{"0":{"loc":{"start":{"line":33,"column":8},"end":{"line":35,"column":9}},"type":"if","locations":[{"start":{"line":33,"column":8},"end":{"line":35,"column":9}},{"start":{"line":33,"column":8},"end":{"line":35,"column":9}}]},"1":{"loc":{"start":{"line":37,"column":8},"end":{"line":39,"column":9}},"type":"if","locations":[{"start":{"line":37,"column":8},"end":{"line":39,"column":9}},{"start":{"line":37,"column":8},"end":{"line":39,"column":9}}]},"2":{"loc":{"start":{"line":61,"column":4},"end":{"line":64,"column":5}},"type":"if","locations":[{"start":{"line":61,"column":4},"end":{"line":64,"column":5}},{"start":{"line":61,"column":4},"end":{"line":64,"column":5}}]},"3":{"loc":{"start":{"line":61,"column":8},"end":{"line":61,"column":25}},"type":"binary-expr","locations":[{"start":{"line":61,"column":8},"end":{"line":61,"column":25}},{"start":{"line":61,"column":29},"end":{"line":61,"column":53}}]},"4":{"loc":{"start":{"line":69,"column":34},"end":{"line":69,"column":41}},"type":"binary-expr","locations":[{"start":{"line":69,"column":34},"end":{"line":69,"column":41}},{"start":{"line":69,"column":45},"end":{"line":69,"column":46}}]}},"s":{"0":1,"1":1,"2":1,"3":14,"4":14,"5":6,"6":14,"7":1,"8":2,"9":2,"10":2,"11":2,"12":2,"13":2,"14":6,"15":0,"16":6,"17":6,"18":2,"19":4,"20":2,"21":0,"22":2,"23":2,"24":4,"25":4,"26":7,"27":6,"28":0,"29":6,"30":9,"31":9,"32":14,"33":9,"34":6,"35":6,"36":3,"37":1},"f":{"0":14,"1":2,"2":2,"3":6,"4":0,"5":2,"6":4,"7":14,"8":6,"9":6},"b":{"0":[0,6],"1":[2,4],"2":[0,6],"3":[6,6],"4":[14,0]}}
,"/Users/jonathonherbert/Code/prosemirror-noting/src/js/test/helpers/fixtures.ts": {"path":"/Users/jonathonherbert/Code/prosemirror-noting/src/js/test/helpers/fixtures.ts","statementMap":{"0":{"start":{"line":3,"column":13},"end":{"line":26,"column":2}}},"fnMap":{},"branchMap":{},"s":{"0":1},"f":{},"b":{}}
,"/Users/jonathonherbert/Code/prosemirror-noting/src/js/utils/decoration.ts": {"path":"/Users/jonathonherbert/Code/prosemirror-noting/src/js/utils/decoration.ts","statementMap":{"0":{"start":{"line":1,"column":0},"end":{"line":1,"column":60}},"1":{"start":{"line":8,"column":0},"end":{"line":8,"column":26}},"2":{"start":{"line":9,"column":0},"end":{"line":9,"column":36}},"3":{"start":{"line":11,"column":0},"end":{"line":11,"column":53}},"4":{"start":{"line":14,"column":13},"end":{"line":14,"column":61}},"5":{"start":{"line":15,"column":13},"end":{"line":15,"column":51}},"6":{"start":{"line":16,"column":13},"end":{"line":16,"column":57}},"7":{"start":{"line":17,"column":13},"end":{"line":21,"column":2}},"8":{"start":{"line":23,"column":13},"end":{"line":35,"column":2}},"9":{"start":{"line":24,"column":15},"end":{"line":24,"column":61}},"10":{"start":{"line":25,"column":2},"end":{"line":34,"column":4}},"11":{"start":{"line":37,"column":13},"end":{"line":49,"column":18}},"12":{"start":{"line":42,"column":2},"end":{"line":49,"column":17}},"13":{"start":{"line":43,"column":32},"end":{"line":47,"column":5}},"14":{"start":{"line":46,"column":14},"end":{"line":46,"column":32}},"15":{"start":{"line":48,"column":4},"end":{"line":48,"column":43}},"16":{"start":{"line":55,"column":13},"end":{"line":82,"column":2}},"17":{"start":{"line":61,"column":29},"end":{"line":61,"column":78}},"18":{"start":{"line":61,"column":44},"end":{"line":61,"column":77}},"19":{"start":{"line":62,"column":2},"end":{"line":64,"column":3}},"20":{"start":{"line":63,"column":4},"end":{"line":63,"column":25}},"21":{"start":{"line":65,"column":20},"end":{"line":69,"column":3}},"22":{"start":{"line":72,"column":25},"end":{"line":75,"column":3}},"23":{"start":{"line":78,"column":27},"end":{"line":78,"column":71}},"24":{"start":{"line":81,"column":2},"end":{"line":81,"column":63}},"25":{"start":{"line":87,"column":13},"end":{"line":103,"column":2}},"26":{"start":{"line":88,"column":23},"end":{"line":88,"column":29}},"27":{"start":{"line":89,"column":2},"end":{"line":102,"column":4}},"28":{"start":{"line":105,"column":13},"end":{"line":106,"column":58}},"29":{"start":{"line":106,"column":2},"end":{"line":106,"column":57}},"30":{"start":{"line":108,"column":13},"end":{"line":117,"column":2}},"31":{"start":{"line":112,"column":22},"end":{"line":112,"column":77}},"32":{"start":{"line":113,"column":2},"end":{"line":115,"column":3}},"33":{"start":{"line":114,"column":4},"end":{"line":114,"column":21}},"34":{"start":{"line":116,"column":2},"end":{"line":116,"column":24}},"35":{"start":{"line":122,"column":13},"end":{"line":140,"column":2}},"36":{"start":{"line":123,"column":17},"end":{"line":123,"column":47}},"37":{"start":{"line":124,"column":2},"end":{"line":124,"column":51}},"38":{"start":{"line":126,"column":22},"end":{"line":126,"column":52}},"39":{"start":{"line":127,"column":2},"end":{"line":127,"column":46}},"40":{"start":{"line":128,"column":2},"end":{"line":128,"column":34}},"41":{"start":{"line":130,"column":20},"end":{"line":130,"column":50}},"42":{"start":{"line":131,"column":24},"end":{"line":131,"column":59}},"43":{"start":{"line":132,"column":2},"end":{"line":132,"column":39}},"44":{"start":{"line":133,"column":2},"end":{"line":133,"column":50}},"45":{"start":{"line":134,"column":2},"end":{"line":134,"column":37}},"46":{"start":{"line":136,"column":19},"end":{"line":136,"column":60}},"47":{"start":{"line":137,"column":2},"end":{"line":137,"column":36}},"48":{"start":{"line":139,"column":2},"end":{"line":139,"column":16}}},"fnMap":{"0":{"name":"(anonymous_1)","decl":{"start":{"line":23,"column":46},"end":{"line":23,"column":47}},"loc":{"start":{"line":23,"column":77},"end":{"line":35,"column":1}}},"1":{"name":"(anonymous_2)","decl":{"start":{"line":37,"column":53},"end":{"line":38,"column":2}},"loc":{"start":{"line":42,"column":2},"end":{"line":49,"column":17}}},"2":{"name":"(anonymous_3)","decl":{"start":{"line":42,"column":16},"end":{"line":42,"column":17}},"loc":{"start":{"line":42,"column":31},"end":{"line":49,"column":3}}},"3":{"name":"(anonymous_4)","decl":{"start":{"line":46,"column":6},"end":{"line":46,"column":9}},"loc":{"start":{"line":46,"column":14},"end":{"line":46,"column":32}}},"4":{"name":"(anonymous_5)","decl":{"start":{"line":55,"column":54},"end":{"line":56,"column":2}},"loc":{"start":{"line":60,"column":4},"end":{"line":82,"column":1}}},"5":{"name":"(anonymous_6)","decl":{"start":{"line":61,"column":38},"end":{"line":61,"column":39}},"loc":{"start":{"line":61,"column":44},"end":{"line":61,"column":77}}},"6":{"name":"(anonymous_7)","decl":{"start":{"line":87,"column":50},"end":{"line":87,"column":51}},"loc":{"start":{"line":87,"column":78},"end":{"line":103,"column":1}}},"7":{"name":"(anonymous_8)","decl":{"start":{"line":105,"column":49},"end":{"line":105,"column":50}},"loc":{"start":{"line":106,"column":2},"end":{"line":106,"column":57}}},"8":{"name":"(anonymous_9)","decl":{"start":{"line":108,"column":36},"end":{"line":109,"column":2}},"loc":{"start":{"line":111,"column":28},"end":{"line":117,"column":1}}},"9":{"name":"(anonymous_10)","decl":{"start":{"line":122,"column":29},"end":{"line":122,"column":30}},"loc":{"start":{"line":122,"column":57},"end":{"line":140,"column":1}}}},"branchMap":{"0":{"loc":{"start":{"line":23,"column":69},"end":{"line":23,"column":73}},"type":"default-arg","locations":[{"start":{"line":23,"column":69},"end":{"line":23,"column":73}}]},"1":{"loc":{"start":{"line":24,"column":23},"end":{"line":24,"column":39}},"type":"cond-expr","locations":[{"start":{"line":24,"column":23},"end":{"line":24,"column":39}},{"start":{"line":24,"column":42},"end":{"line":24,"column":61}}]},"2":{"loc":{"start":{"line":40,"column":9},"end":{"line":40,"column":30}},"type":"default-arg","locations":[{"start":{"line":40,"column":9},"end":{"line":40,"column":30}}]},"3":{"loc":{"start":{"line":62,"column":2},"end":{"line":64,"column":3}},"type":"if","locations":[{"start":{"line":62,"column":2},"end":{"line":64,"column":3}},{"start":{"line":62,"column":2},"end":{"line":64,"column":3}}]},"4":{"loc":{"start":{"line":62,"column":6},"end":{"line":62,"column":25}},"type":"binary-expr","locations":[{"start":{"line":62,"column":6},"end":{"line":62,"column":25}},{"start":{"line":62,"column":29},"end":{"line":62,"column":43}}]},"5":{"loc":{"start":{"line":113,"column":2},"end":{"line":115,"column":3}},"type":"if","locations":[{"start":{"line":113,"column":2},"end":{"line":115,"column":3}},{"start":{"line":113,"column":2},"end":{"line":115,"column":3}}]}},"s":{"0":1,"1":1,"2":1,"3":1,"4":1,"5":1,"6":1,"7":1,"8":1,"9":0,"10":0,"11":1,"12":0,"13":0,"14":0,"15":0,"16":1,"17":0,"18":0,"19":0,"20":0,"21":0,"22":0,"23":0,"24":0,"25":1,"26":0,"27":0,"28":1,"29":0,"30":1,"31":0,"32":0,"33":0,"34":0,"35":1,"36":0,"37":0,"38":0,"39":0,"40":0,"41":0,"42":0,"43":0,"44":0,"45":0,"46":0,"47":0,"48":0},"f":{"0":0,"1":0,"2":0,"3":0,"4":0,"5":0,"6":0,"7":0,"8":0,"9":0},"b":{"0":[0],"1":[0,0],"2":[0],"3":[0,0],"4":[0,0],"5":[0,0]}}
,"/Users/jonathonherbert/Code/prosemirror-noting/src/js/utils/range.ts": {"path":"/Users/jonathonherbert/Code/prosemirror-noting/src/js/utils/range.ts","statementMap":{"0":{"start":{"line":1,"column":0},"end":{"line":1,"column":36}},"1":{"start":{"line":5,"column":0},"end":{"line":5,"column":50}},"2":{"start":{"line":6,"column":0},"end":{"line":6,"column":58}},"3":{"start":{"line":7,"column":0},"end":{"line":7,"column":32}},"4":{"start":{"line":8,"column":0},"end":{"line":8,"column":36}},"5":{"start":{"line":10,"column":13},"end":{"line":20,"column":2}},"6":{"start":{"line":11,"column":2},"end":{"line":19,"column":4}},"7":{"start":{"line":14,"column":6},"end":{"line":18,"column":66}},"8":{"start":{"line":22,"column":13},"end":{"line":25,"column":3}},"9":{"start":{"line":22,"column":68},"end":{"line":25,"column":1}},"10":{"start":{"line":27,"column":13},"end":{"line":39,"column":4}},"11":{"start":{"line":28,"column":2},"end":{"line":39,"column":3}},"12":{"start":{"line":30,"column":20},"end":{"line":30,"column":57}},"13":{"start":{"line":31,"column":6},"end":{"line":33,"column":7}},"14":{"start":{"line":32,"column":8},"end":{"line":32,"column":33}},"15":{"start":{"line":34,"column":23},"end":{"line":34,"column":34}},"16":{"start":{"line":35,"column":6},"end":{"line":35,"column":63}},"17":{"start":{"line":36,"column":6},"end":{"line":36,"column":22}},"18":{"start":{"line":44,"column":13},"end":{"line":84,"column":2}},"19":{"start":{"line":48,"column":28},"end":{"line":48,"column":52}},"20":{"start":{"line":49,"column":29},"end":{"line":49,"column":54}},"21":{"start":{"line":50,"column":2},"end":{"line":83,"column":4}},"22":{"start":{"line":52,"column":22},"end":{"line":52,"column":74}},"23":{"start":{"line":53,"column":6},"end":{"line":55,"column":7}},"24":{"start":{"line":54,"column":8},"end":{"line":54,"column":33}},"25":{"start":{"line":56,"column":31},"end":{"line":56,"column":58}},"26":{"start":{"line":57,"column":34},"end":{"line":60,"column":7}},"27":{"start":{"line":62,"column":6},"end":{"line":67,"column":7}},"28":{"start":{"line":64,"column":8},"end":{"line":66,"column":44}},"29":{"start":{"line":69,"column":6},"end":{"line":80,"column":8}},"30":{"start":{"line":86,"column":13},"end":{"line":89,"column":3}},"31":{"start":{"line":86,"column":64},"end":{"line":89,"column":1}},"32":{"start":{"line":91,"column":30},"end":{"line":116,"column":3}},"33":{"start":{"line":95,"column":2},"end":{"line":116,"column":3}},"34":{"start":{"line":98,"column":6},"end":{"line":112,"column":7}},"35":{"start":{"line":99,"column":21},"end":{"line":99,"column":41}},"36":{"start":{"line":100,"column":19},"end":{"line":100,"column":65}},"37":{"start":{"line":101,"column":20},"end":{"line":101,"column":61}},"38":{"start":{"line":102,"column":8},"end":{"line":111,"column":16}},"39":{"start":{"line":113,"column":6},"end":{"line":113,"column":17}},"40":{"start":{"line":125,"column":13},"end":{"line":136,"column":4}},"41":{"start":{"line":131,"column":2},"end":{"line":136,"column":3}},"42":{"start":{"line":135,"column":19},"end":{"line":135,"column":63}},"43":{"start":{"line":141,"column":13},"end":{"line":156,"column":2}},"44":{"start":{"line":142,"column":19},"end":{"line":142,"column":42}},"45":{"start":{"line":143,"column":17},"end":{"line":143,"column":38}},"46":{"start":{"line":144,"column":21},"end":{"line":146,"column":3}},"47":{"start":{"line":144,"column":44},"end":{"line":144,"column":56}},"48":{"start":{"line":147,"column":2},"end":{"line":151,"column":3}},"49":{"start":{"line":148,"column":4},"end":{"line":150,"column":6}},"50":{"start":{"line":152,"column":2},"end":{"line":155,"column":4}},"51":{"start":{"line":161,"column":13},"end":{"line":173,"column":2}},"52":{"start":{"line":162,"column":27},"end":{"line":171,"column":12}},"53":{"start":{"line":163,"column":26},"end":{"line":163,"column":78}},"54":{"start":{"line":164,"column":29},"end":{"line":169,"column":5}},"55":{"start":{"line":170,"column":4},"end":{"line":170,"column":40}},"56":{"start":{"line":172,"column":2},"end":{"line":172,"column":39}},"57":{"start":{"line":175,"column":13},"end":{"line":201,"column":6}},"58":{"start":{"line":180,"column":2},"end":{"line":201,"column":5}},"59":{"start":{"line":181,"column":36},"end":{"line":181,"column":73}},"60":{"start":{"line":181,"column":56},"end":{"line":181,"column":72}},"61":{"start":{"line":184,"column":4},"end":{"line":186,"column":5}},"62":{"start":{"line":185,"column":6},"end":{"line":185,"column":19}},"63":{"start":{"line":188,"column":4},"end":{"line":190,"column":5}},"64":{"start":{"line":189,"column":6},"end":{"line":189,"column":23}},"65":{"start":{"line":192,"column":4},"end":{"line":200,"column":7}},"66":{"start":{"line":194,"column":22},"end":{"line":197,"column":9}}},"fnMap":{"0":{"name":"(anonymous_1)","decl":{"start":{"line":10,"column":41},"end":{"line":10,"column":42}},"loc":{"start":{"line":10,"column":75},"end":{"line":20,"column":1}}},"1":{"name":"(anonymous_2)","decl":{"start":{"line":12,"column":4},"end":{"line":12,"column":13}},"loc":{"start":{"line":14,"column":6},"end":{"line":18,"column":66}}},"2":{"name":"(anonymous_3)","decl":{"start":{"line":22,"column":26},"end":{"line":22,"column":27}},"loc":{"start":{"line":22,"column":68},"end":{"line":25,"column":1}}},"3":{"name":"(anonymous_4)","decl":{"start":{"line":27,"column":27},"end":{"line":27,"column":28}},"loc":{"start":{"line":28,"column":2},"end":{"line":39,"column":3}}},"4":{"name":"(anonymous_5)","decl":{"start":{"line":29,"column":4},"end":{"line":29,"column":5}},"loc":{"start":{"line":29,"column":19},"end":{"line":37,"column":5}}},"5":{"name":"(anonymous_6)","decl":{"start":{"line":44,"column":26},"end":{"line":45,"column":2}},"loc":{"start":{"line":47,"column":13},"end":{"line":84,"column":1}}},"6":{"name":"(anonymous_7)","decl":{"start":{"line":51,"column":4},"end":{"line":51,"column":5}},"loc":{"start":{"line":51,"column":19},"end":{"line":81,"column":5}}},"7":{"name":"(anonymous_8)","decl":{"start":{"line":86,"column":38},"end":{"line":86,"column":39}},"loc":{"start":{"line":86,"column":64},"end":{"line":89,"column":1}}},"8":{"name":"(anonymous_9)","decl":{"start":{"line":91,"column":30},"end":{"line":92,"column":2}},"loc":{"start":{"line":95,"column":2},"end":{"line":116,"column":3}}},"9":{"name":"(anonymous_10)","decl":{"start":{"line":96,"column":4},"end":{"line":96,"column":5}},"loc":{"start":{"line":96,"column":19},"end":{"line":114,"column":5}}},"10":{"name":"(anonymous_11)","decl":{"start":{"line":125,"column":36},"end":{"line":128,"column":2}},"loc":{"start":{"line":131,"column":2},"end":{"line":136,"column":3}}},"11":{"name":"(anonymous_12)","decl":{"start":{"line":135,"column":10},"end":{"line":135,"column":14}},"loc":{"start":{"line":135,"column":19},"end":{"line":135,"column":63}}},"12":{"name":"(anonymous_13)","decl":{"start":{"line":141,"column":27},"end":{"line":141,"column":28}},"loc":{"start":{"line":141,"column":62},"end":{"line":156,"column":1}}},"13":{"name":"(anonymous_14)","decl":{"start":{"line":144,"column":36},"end":{"line":144,"column":39}},"loc":{"start":{"line":144,"column":44},"end":{"line":144,"column":56}}},"14":{"name":"(anonymous_15)","decl":{"start":{"line":161,"column":43},"end":{"line":161,"column":44}},"loc":{"start":{"line":161,"column":74},"end":{"line":173,"column":1}}},"15":{"name":"(anonymous_16)","decl":{"start":{"line":162,"column":41},"end":{"line":162,"column":42}},"loc":{"start":{"line":162,"column":63},"end":{"line":171,"column":3}}},"16":{"name":"(anonymous_17)","decl":{"start":{"line":175,"column":43},"end":{"line":176,"column":2}},"loc":{"start":{"line":180,"column":2},"end":{"line":201,"column":5}}},"17":{"name":"(anonymous_18)","decl":{"start":{"line":180,"column":21},"end":{"line":180,"column":25}},"loc":{"start":{"line":180,"column":29},"end":{"line":201,"column":3}}},"18":{"name":"(anonymous_19)","decl":{"start":{"line":181,"column":50},"end":{"line":181,"column":51}},"loc":{"start":{"line":181,"column":56},"end":{"line":181,"column":72}}},"19":{"name":"(anonymous_20)","decl":{"start":{"line":194,"column":8},"end":{"line":194,"column":9}},"loc":{"start":{"line":194,"column":22},"end":{"line":197,"column":9}}}},"branchMap":{"0":{"loc":{"start":{"line":14,"column":7},"end":{"line":14,"column":36}},"type":"binary-expr","locations":[{"start":{"line":14,"column":7},"end":{"line":14,"column":36}},{"start":{"line":14,"column":40},"end":{"line":14,"column":67}},{"start":{"line":16,"column":7},"end":{"line":16,"column":32}},{"start":{"line":16,"column":36},"end":{"line":16,"column":63}},{"start":{"line":18,"column":7},"end":{"line":18,"column":36}},{"start":{"line":18,"column":40},"end":{"line":18,"column":65}}]},"1":{"loc":{"start":{"line":23,"column":36},"end":{"line":23,"column":47}},"type":"cond-expr","locations":[{"start":{"line":23,"column":36},"end":{"line":23,"column":47}},{"start":{"line":23,"column":50},"end":{"line":23,"column":61}}]},"2":{"loc":{"start":{"line":24,"column":30},"end":{"line":24,"column":39}},"type":"cond-expr","locations":[{"start":{"line":24,"column":30},"end":{"line":24,"column":39}},{"start":{"line":24,"column":42},"end":{"line":24,"column":51}}]},"3":{"loc":{"start":{"line":31,"column":6},"end":{"line":33,"column":7}},"type":"if","locations":[{"start":{"line":31,"column":6},"end":{"line":33,"column":7}},{"start":{"line":31,"column":6},"end":{"line":33,"column":7}}]},"4":{"loc":{"start":{"line":53,"column":6},"end":{"line":55,"column":7}},"type":"if","locations":[{"start":{"line":53,"column":6},"end":{"line":55,"column":7}},{"start":{"line":53,"column":6},"end":{"line":55,"column":7}}]},"5":{"loc":{"start":{"line":62,"column":6},"end":{"line":67,"column":7}},"type":"if","locations":[{"start":{"line":62,"column":6},"end":{"line":67,"column":7}},{"start":{"line":62,"column":6},"end":{"line":67,"column":7}}]},"6":{"loc":{"start":{"line":65,"column":12},"end":{"line":65,"column":15}},"type":"cond-expr","locations":[{"start":{"line":65,"column":12},"end":{"line":65,"column":15}},{"start":{"line":66,"column":12},"end":{"line":66,"column":43}}]},"7":{"loc":{"start":{"line":98,"column":6},"end":{"line":112,"column":7}},"type":"if","locations":[{"start":{"line":98,"column":6},"end":{"line":112,"column":7}},{"start":{"line":98,"column":6},"end":{"line":112,"column":7}}]},"8":{"loc":{"start":{"line":98,"column":10},"end":{"line":98,"column":31}},"type":"binary-expr","locations":[{"start":{"line":98,"column":10},"end":{"line":98,"column":31}},{"start":{"line":98,"column":35},"end":{"line":98,"column":72}}]},"9":{"loc":{"start":{"line":101,"column":44},"end":{"line":101,"column":52}},"type":"cond-expr","locations":[{"start":{"line":101,"column":44},"end":{"line":101,"column":52}},{"start":{"line":101,"column":55},"end":{"line":101,"column":56}}]},"10":{"loc":{"start":{"line":103,"column":12},"end":{"line":110,"column":13}},"type":"cond-expr","locations":[{"start":{"line":103,"column":12},"end":{"line":110,"column":13}},{"start":{"line":111,"column":12},"end":{"line":111,"column":15}}]},"11":{"loc":{"start":{"line":147,"column":2},"end":{"line":151,"column":3}},"type":"if","locations":[{"start":{"line":147,"column":2},"end":{"line":151,"column":3}},{"start":{"line":147,"column":2},"end":{"line":151,"column":3}}]},"12":{"loc":{"start":{"line":184,"column":4},"end":{"line":186,"column":5}},"type":"if","locations":[{"start":{"line":184,"column":4},"end":{"line":186,"column":5}},{"start":{"line":184,"column":4},"end":{"line":186,"column":5}}]},"13":{"loc":{"start":{"line":188,"column":4},"end":{"line":190,"column":5}},"type":"if","locations":[{"start":{"line":188,"column":4},"end":{"line":190,"column":5}},{"start":{"line":188,"column":4},"end":{"line":190,"column":5}}]}},"s":{"0":3,"1":3,"2":3,"3":3,"4":3,"5":3,"6":70,"7":46,"8":3,"9":3,"10":3,"11":31,"12":44,"13":44,"14":41,"15":3,"16":3,"17":3,"18":3,"19":15,"20":15,"21":15,"22":20,"23":20,"24":8,"25":12,"26":12,"27":12,"28":8,"29":4,"30":3,"31":23,"32":3,"33":10,"34":18,"35":10,"36":10,"37":10,"38":10,"39":8,"40":3,"41":8,"42":10,"43":3,"44":0,"45":0,"46":0,"47":0,"48":0,"49":0,"50":0,"51":3,"52":0,"53":0,"54":0,"55":0,"56":0,"57":3,"58":0,"59":0,"60":0,"61":0,"62":0,"63":0,"64":0,"65":0,"66":0},"f":{"0":70,"1":46,"2":3,"3":31,"4":44,"5":15,"6":20,"7":23,"8":10,"9":18,"10":8,"11":10,"12":0,"13":0,"14":0,"15":0,"16":0,"17":0,"18":0,"19":0},"b":{"0":[46,35,34,7,31,8],"1":[0,3],"2":[3,0],"3":[41,3],"4":[8,12],"5":[8,4],"6":[4,4],"7":[10,8],"8":[18,16],"9":[1,9],"10":[9,1],"11":[0,0],"12":[0,0],"13":[0,0]}}
,"/Users/jonathonherbert/Code/prosemirror-noting/src/js/utils/string.ts": {"path":"/Users/jonathonherbert/Code/prosemirror-noting/src/js/utils/string.ts","statementMap":{"0":{"start":{"line":7,"column":13},"end":{"line":23,"column":2}},"1":{"start":{"line":8,"column":20},"end":{"line":8,"column":34}},"2":{"start":{"line":10,"column":4},"end":{"line":12,"column":67}},"3":{"start":{"line":14,"column":4},"end":{"line":16,"column":65}},"4":{"start":{"line":17,"column":2},"end":{"line":22,"column":4}},"5":{"start":{"line":25,"column":13},"end":{"line":41,"column":2}},"6":{"start":{"line":30,"column":14},"end":{"line":30,"column":65}},"7":{"start":{"line":31,"column":15},"end":{"line":31,"column":17}},"8":{"start":{"line":33,"column":2},"end":{"line":36,"column":3}},"9":{"start":{"line":34,"column":4},"end":{"line":34,"column":45}},"10":{"start":{"line":35,"column":4},"end":{"line":35,"column":13}},"11":{"start":{"line":37,"column":2},"end":{"line":39,"column":3}},"12":{"start":{"line":38,"column":4},"end":{"line":38,"column":34}},"13":{"start":{"line":40,"column":2},"end":{"line":40,"column":48}},"14":{"start":{"line":43,"column":13},"end":{"line":45,"column":2}},"15":{"start":{"line":44,"column":2},"end":{"line":44,"column":58}},"16":{"start":{"line":51,"column":13},"end":{"line":55,"column":4}},"17":{"start":{"line":52,"column":2},"end":{"line":55,"column":3}},"18":{"start":{"line":53,"column":20},"end":{"line":53,"column":73}}},"fnMap":{"0":{"name":"(anonymous_0)","decl":{"start":{"line":7,"column":32},"end":{"line":7,"column":33}},"loc":{"start":{"line":7,"column":78},"end":{"line":23,"column":1}}},"1":{"name":"(anonymous_1)","decl":{"start":{"line":25,"column":36},"end":{"line":26,"column":2}},"loc":{"start":{"line":29,"column":4},"end":{"line":41,"column":1}}},"2":{"name":"(anonymous_2)","decl":{"start":{"line":43,"column":24},"end":{"line":43,"column":25}},"loc":{"start":{"line":43,"column":37},"end":{"line":45,"column":1}}},"3":{"name":"(anonymous_3)","decl":{"start":{"line":51,"column":48},"end":{"line":51,"column":49}},"loc":{"start":{"line":52,"column":2},"end":{"line":55,"column":3}}},"4":{"name":"(anonymous_4)","decl":{"start":{"line":53,"column":4},"end":{"line":53,"column":5}},"loc":{"start":{"line":53,"column":20},"end":{"line":53,"column":73}}}},"branchMap":{"0":{"loc":{"start":{"line":7,"column":73},"end":{"line":7,"column":74}},"type":"default-arg","locations":[{"start":{"line":7,"column":73},"end":{"line":7,"column":74}}]},"1":{"loc":{"start":{"line":11,"column":8},"end":{"line":11,"column":9}},"type":"cond-expr","locations":[{"start":{"line":11,"column":8},"end":{"line":11,"column":9}},{"start":{"line":12,"column":8},"end":{"line":12,"column":67}}]},"2":{"loc":{"start":{"line":15,"column":8},"end":{"line":15,"column":17}},"type":"cond-expr","locations":[{"start":{"line":15,"column":8},"end":{"line":15,"column":17}},{"start":{"line":16,"column":8},"end":{"line":16,"column":65}}]},"3":{"loc":{"start":{"line":28,"column":12},"end":{"line":28,"column":16}},"type":"default-arg","locations":[{"start":{"line":28,"column":12},"end":{"line":28,"column":16}}]},"4":{"loc":{"start":{"line":30,"column":24},"end":{"line":30,"column":38}},"type":"cond-expr","locations":[{"start":{"line":30,"column":24},"end":{"line":30,"column":38}},{"start":{"line":30,"column":41},"end":{"line":30,"column":65}}]},"5":{"loc":{"start":{"line":33,"column":2},"end":{"line":36,"column":3}},"type":"if","locations":[{"start":{"line":33,"column":2},"end":{"line":36,"column":3}},{"start":{"line":33,"column":2},"end":{"line":36,"column":3}}]},"6":{"loc":{"start":{"line":37,"column":18},"end":{"line":37,"column":32}},"type":"binary-expr","locations":[{"start":{"line":37,"column":18},"end":{"line":37,"column":32}},{"start":{"line":37,"column":36},"end":{"line":37,"column":57}}]},"7":{"loc":{"start":{"line":40,"column":19},"end":{"line":40,"column":25}},"type":"cond-expr","locations":[{"start":{"line":40,"column":19},"end":{"line":40,"column":25}},{"start":{"line":40,"column":28},"end":{"line":40,"column":47}}]},"8":{"loc":{"start":{"line":44,"column":9},"end":{"line":44,"column":32}},"type":"binary-expr","locations":[{"start":{"line":44,"column":9},"end":{"line":44,"column":32}},{"start":{"line":44,"column":36},"end":{"line":44,"column":57}}]}},"s":{"0":1,"1":5,"2":5,"3":5,"4":5,"5":1,"6":15,"7":15,"8":15,"9":1,"10":1,"11":15,"12":41,"13":15,"14":1,"15":0,"16":1,"17":1,"18":2},"f":{"0":5,"1":15,"2":0,"3":1,"4":2},"b":{"0":[1],"1":[1,4],"2":[1,4],"3":[7],"4":[7,8],"5":[1,14],"6":[56,41],"7":[7,8],"8":[0,0]}}
}
